<?xml version="1.0" ?>
<dataset>
    <table name="album">
        <column>name</column>
        <column>date</column>
        <column>description</column>
        <column>dir</column>
        <column>order_param</column>
        <row>
            <value>Dogs</value>
            <value>2017-05-01 13:34:37</value>
            <value>This album contains images of dogs</value>
            <value>D:/OpenServer/domains/localhost/projects/php.gallery/app/web/upload-images/1_dogs</value>
            <value>-1</value>
        </row>
        <row>
            <value>Cats</value>
            <value>2017-05-02 13:34:54</value>
            <value>This album contains images of cats</value>
            <value>D:/OpenServer/domains/localhost/projects/php.gallery/app/web/upload-images/2_cats</value>
            <value>-1</value>
        </row>
        <row>
            <value>Motorcycles</value>
            <value>2017-05-03 13:35:15</value>
            <value>This album contains images of motorcycles</value>
            <value>D:/OpenServer/domains/localhost/projects/php.gallery/app/web/upload-images/3_motorcycles</value>
            <value>-1</value>
        </row>
        <row>
            <value>Nature</value>
            <value>2017-05-04 13:35:28</value>
            <value>This album contains images of nature</value>
            <value>D:/OpenServer/domains/localhost/projects/php.gallery/app/web/upload-images/4_nature</value>
            <value>-1</value>
        </row>
        <row>
            <value>Test</value>
            <value>2000-01-01 00:00:00</value>
            <value>Test description</value>
            <value></value>
            <value>-1</value>
        </row>
    </table>
</dataset>
