<?xml version="1.0" ?>
<dataset>
    <table name="album">
        <column>name</column>
        <column>date</column>
        <column>description</column>
        <column>dir</column>
        <column>order_param</column>
        <row>
            <value>TEST</value>
            <value>2000-01-01 00:00:00</value>
            <value>TEST DESCRIPTION</value>
            <value></value>
            <value>-1</value>
        </row>
    </table>
</dataset>
